2015-09-06 14:40:14,188 [main] INFO               org.zhubao.boot.Application - Starting Application on T03350-202 with PID 11224 (C:\Users\jason.zhu\workspace\boot\target\classes started by jason.zhu in C:\Users\jason.zhu\workspace\boot)
2015-09-06 14:40:14,188 [main] INFO               org.zhubao.boot.Application - Starting Application on T03350-202 with PID 11224 (C:\Users\jason.zhu\workspace\boot\target\classes started by jason.zhu in C:\Users\jason.zhu\workspace\boot)
2015-09-06 14:40:16,439 [main] INFO  o.s.b.c.e.AnnotationConfigEmbeddedWebApplicationContext - Refreshing org.springframework.boot.context.embedded.AnnotationConfigEmbeddedWebApplicationContext@227e42ec: startup date [Sun Sep 06 14:40:16 CST 2015]; root of context hierarchy
2015-09-06 14:40:19,714 [main] INFO      o.s.b.f.s.DefaultListableBeanFactory - Overriding bean definition for bean 'beanNameViewResolver': replacing [Root bean: class [null]; scope=; abstract=false; lazyInit=false; autowireMode=3; dependencyCheck=0; autowireCandidate=true; primary=false; factoryBeanName=org.springframework.boot.autoconfigure.web.ErrorMvcAutoConfiguration$WhitelabelErrorViewConfiguration; factoryMethodName=beanNameViewResolver; initMethodName=null; destroyMethodName=(inferred); defined in class path resource [org/springframework/boot/autoconfigure/web/ErrorMvcAutoConfiguration$WhitelabelErrorViewConfiguration.class]] with [Root bean: class [null]; scope=; abstract=false; lazyInit=false; autowireMode=3; dependencyCheck=0; autowireCandidate=true; primary=false; factoryBeanName=org.springframework.boot.autoconfigure.web.WebMvcAutoConfiguration$WebMvcAutoConfigurationAdapter; factoryMethodName=beanNameViewResolver; initMethodName=null; destroyMethodName=(inferred); defined in class path resource [org/springframework/boot/autoconfigure/web/WebMvcAutoConfiguration$WebMvcAutoConfigurationAdapter.class]]
2015-09-06 14:40:19,803 [main] INFO      o.s.b.f.s.DefaultListableBeanFactory - Overriding bean definition for bean 'ignoredPathsWebSecurityConfigurerAdapter': replacing [Root bean: class [null]; scope=; abstract=false; lazyInit=false; autowireMode=3; dependencyCheck=0; autowireCandidate=true; primary=false; factoryBeanName=org.springframework.boot.autoconfigure.security.SpringBootWebSecurityConfiguration; factoryMethodName=ignoredPathsWebSecurityConfigurerAdapter; initMethodName=null; destroyMethodName=(inferred); defined in class path resource [org/springframework/boot/autoconfigure/security/SpringBootWebSecurityConfiguration.class]] with [Root bean: class [null]; scope=; abstract=false; lazyInit=false; autowireMode=3; dependencyCheck=0; autowireCandidate=true; primary=false; factoryBeanName=org.springframework.boot.actuate.autoconfigure.ManagementSecurityAutoConfiguration; factoryMethodName=ignoredPathsWebSecurityConfigurerAdapter; initMethodName=null; destroyMethodName=(inferred); defined in class path resource [org/springframework/boot/actuate/autoconfigure/ManagementSecurityAutoConfiguration.class]]
2015-09-06 14:40:22,235 [main] INFO  o.s.c.s.PostProcessorRegistrationDelegate$BeanPostProcessorChecker - Bean 'org.springframework.scheduling.annotation.SchedulingConfiguration' of type [class org.springframework.scheduling.annotation.SchedulingConfiguration$$EnhancerBySpringCGLIB$$9c1e2e26] is not eligible for getting processed by all BeanPostProcessors (for example: not eligible for auto-proxying)
2015-09-06 14:40:22,414 [main] INFO  o.s.c.s.PostProcessorRegistrationDelegate$BeanPostProcessorChecker - Bean 'org.springframework.transaction.annotation.ProxyTransactionManagementConfiguration' of type [class org.springframework.transaction.annotation.ProxyTransactionManagementConfiguration$$EnhancerBySpringCGLIB$$2bc8ab0b] is not eligible for getting processed by all BeanPostProcessors (for example: not eligible for auto-proxying)
2015-09-06 14:40:22,446 [main] INFO  o.s.c.s.PostProcessorRegistrationDelegate$BeanPostProcessorChecker - Bean 'transactionAttributeSource' of type [class org.springframework.transaction.annotation.AnnotationTransactionAttributeSource] is not eligible for getting processed by all BeanPostProcessors (for example: not eligible for auto-proxying)
2015-09-06 14:40:22,455 [main] INFO  o.s.c.s.PostProcessorRegistrationDelegate$BeanPostProcessorChecker - Bean 'transactionInterceptor' of type [class org.springframework.transaction.interceptor.TransactionInterceptor] is not eligible for getting processed by all BeanPostProcessors (for example: not eligible for auto-proxying)
2015-09-06 14:40:22,460 [main] INFO  o.s.c.s.PostProcessorRegistrationDelegate$BeanPostProcessorChecker - Bean 'org.springframework.transaction.config.internalTransactionAdvisor' of type [class org.springframework.transaction.interceptor.BeanFactoryTransactionAttributeSourceAdvisor] is not eligible for getting processed by all BeanPostProcessors (for example: not eligible for auto-proxying)
2015-09-06 14:40:22,476 [main] INFO  o.s.c.s.PostProcessorRegistrationDelegate$BeanPostProcessorChecker - Bean 'org.springframework.cache.annotation.ProxyCachingConfiguration' of type [class org.springframework.cache.annotation.ProxyCachingConfiguration$$EnhancerBySpringCGLIB$$93267569] is not eligible for getting processed by all BeanPostProcessors (for example: not eligible for auto-proxying)
2015-09-06 14:40:22,492 [main] INFO  o.s.c.s.PostProcessorRegistrationDelegate$BeanPostProcessorChecker - Bean 'cacheOperationSource' of type [class org.springframework.cache.annotation.AnnotationCacheOperationSource] is not eligible for getting processed by all BeanPostProcessors (for example: not eligible for auto-proxying)
2015-09-06 14:40:22,504 [main] INFO  o.s.c.s.PostProcessorRegistrationDelegate$BeanPostProcessorChecker - Bean 'cacheInterceptor' of type [class org.springframework.cache.interceptor.CacheInterceptor] is not eligible for getting processed by all BeanPostProcessors (for example: not eligible for auto-proxying)
2015-09-06 14:40:22,507 [main] INFO  o.s.c.s.PostProcessorRegistrationDelegate$BeanPostProcessorChecker - Bean 'org.springframework.cache.config.internalCacheAdvisor' of type [class org.springframework.cache.interceptor.BeanFactoryCacheOperationSourceAdvisor] is not eligible for getting processed by all BeanPostProcessors (for example: not eligible for auto-proxying)
2015-09-06 14:40:23,800 [main] INFO  o.s.b.c.e.t.TomcatEmbeddedServletContainer - Tomcat initialized with port(s): 8080 (http)
2015-09-06 14:40:24,237 [main] INFO  org.apache.catalina.core.StandardService - Starting service Tomcat
2015-09-06 14:40:24,238 [main] INFO   org.apache.catalina.core.StandardEngine - Starting Servlet Engine: Apache Tomcat/8.0.23
2015-09-06 14:40:24,522 [localhost-startStop-1] INFO       o.a.c.c.C.[.[localhost].[/platform] - Initializing Spring embedded WebApplicationContext
2015-09-06 14:40:30,061 [localhost-startStop-1] INFO      o.s.jdbc.datasource.init.ScriptUtils - Executing SQL script from URL [file:/C:/Users/jason.zhu/workspace/boot/target/classes/schema.sql]
2015-09-06 14:40:31,697 [localhost-startStop-1] INFO      o.s.jdbc.datasource.init.ScriptUtils - Executed SQL script from URL [file:/C:/Users/jason.zhu/workspace/boot/target/classes/schema.sql] in 1635 ms.
2015-09-06 14:40:32,226 [localhost-startStop-1] INFO      o.s.b.a.e.mvc.EndpointHandlerMapping - Mapped "{[/beans],methods=[GET]}" onto public java.lang.Object org.springframework.boot.actuate.endpoint.mvc.EndpointMvcAdapter.invoke()
2015-09-06 14:40:32,226 [localhost-startStop-1] INFO      o.s.b.a.e.mvc.EndpointHandlerMapping - Mapped "{[/info],methods=[GET]}" onto public java.lang.Object org.springframework.boot.actuate.endpoint.mvc.EndpointMvcAdapter.invoke()
2015-09-06 14:40:32,227 [localhost-startStop-1] INFO      o.s.b.a.e.mvc.EndpointHandlerMapping - Mapped "{[/autoconfig],methods=[GET]}" onto public java.lang.Object org.springframework.boot.actuate.endpoint.mvc.EndpointMvcAdapter.invoke()
2015-09-06 14:40:32,228 [localhost-startStop-1] INFO      o.s.b.a.e.mvc.EndpointHandlerMapping - Mapped "{[/metrics/{name:.*}],methods=[GET]}" onto public java.lang.Object org.springframework.boot.actuate.endpoint.mvc.MetricsMvcEndpoint.value(java.lang.String)
2015-09-06 14:40:32,228 [localhost-startStop-1] INFO      o.s.b.a.e.mvc.EndpointHandlerMapping - Mapped "{[/metrics],methods=[GET]}" onto public java.lang.Object org.springframework.boot.actuate.endpoint.mvc.EndpointMvcAdapter.invoke()
2015-09-06 14:40:32,228 [localhost-startStop-1] INFO      o.s.b.a.e.mvc.EndpointHandlerMapping - Mapped "{[/configprops],methods=[GET]}" onto public java.lang.Object org.springframework.boot.actuate.endpoint.mvc.EndpointMvcAdapter.invoke()
2015-09-06 14:40:32,229 [localhost-startStop-1] INFO      o.s.b.a.e.mvc.EndpointHandlerMapping - Mapped "{[/env/{name:.*}],methods=[GET]}" onto public java.lang.Object org.springframework.boot.actuate.endpoint.mvc.EnvironmentMvcEndpoint.value(java.lang.String)
2015-09-06 14:40:32,229 [localhost-startStop-1] INFO      o.s.b.a.e.mvc.EndpointHandlerMapping - Mapped "{[/env],methods=[GET]}" onto public java.lang.Object org.springframework.boot.actuate.endpoint.mvc.EndpointMvcAdapter.invoke()
2015-09-06 14:40:32,229 [localhost-startStop-1] INFO      o.s.b.a.e.mvc.EndpointHandlerMapping - Mapped "{[/trace],methods=[GET]}" onto public java.lang.Object org.springframework.boot.actuate.endpoint.mvc.EndpointMvcAdapter.invoke()
2015-09-06 14:40:32,230 [localhost-startStop-1] INFO      o.s.b.a.e.mvc.EndpointHandlerMapping - Mapped "{[/health]}" onto public java.lang.Object org.springframework.boot.actuate.endpoint.mvc.HealthMvcEndpoint.invoke(java.security.Principal)
2015-09-06 14:40:32,230 [localhost-startStop-1] INFO      o.s.b.a.e.mvc.EndpointHandlerMapping - Mapped "{[/dump],methods=[GET]}" onto public java.lang.Object org.springframework.boot.actuate.endpoint.mvc.EndpointMvcAdapter.invoke()
2015-09-06 14:40:32,230 [localhost-startStop-1] INFO      o.s.b.a.e.mvc.EndpointHandlerMapping - Mapped "{[/mappings],methods=[GET]}" onto public java.lang.Object org.springframework.boot.actuate.endpoint.mvc.EndpointMvcAdapter.invoke()
2015-09-06 14:40:32,559 [localhost-startStop-1] INFO      o.s.s.web.DefaultSecurityFilterChain - Creating filter chain: Ant [pattern='/css/**'], []
2015-09-06 14:40:32,560 [localhost-startStop-1] INFO      o.s.s.web.DefaultSecurityFilterChain - Creating filter chain: Ant [pattern='/js/**'], []
2015-09-06 14:40:32,560 [localhost-startStop-1] INFO      o.s.s.web.DefaultSecurityFilterChain - Creating filter chain: Ant [pattern='/images/**'], []
2015-09-06 14:40:32,560 [localhost-startStop-1] INFO      o.s.s.web.DefaultSecurityFilterChain - Creating filter chain: Ant [pattern='/**/favicon.ico'], []
2015-09-06 14:40:32,560 [localhost-startStop-1] INFO      o.s.s.web.DefaultSecurityFilterChain - Creating filter chain: Ant [pattern='/error'], []
2015-09-06 14:40:32,603 [localhost-startStop-1] INFO      o.s.s.web.DefaultSecurityFilterChain - Creating filter chain: OrRequestMatcher [requestMatchers=[Ant [pattern='/info'], Ant [pattern='/info/**'], Ant [pattern='/info.*'], Ant [pattern='/health'], Ant [pattern='/health/**'], Ant [pattern='/health.*'], Ant [pattern='/beans'], Ant [pattern='/beans/**'], Ant [pattern='/beans.*'], Ant [pattern='/autoconfig'], Ant [pattern='/autoconfig/**'], Ant [pattern='/autoconfig.*'], Ant [pattern='/metrics'], Ant [pattern='/metrics/**'], Ant [pattern='/metrics.*'], Ant [pattern='/configprops'], Ant [pattern='/configprops/**'], Ant [pattern='/configprops.*'], Ant [pattern='/trace'], Ant [pattern='/trace/**'], Ant [pattern='/trace.*'], Ant [pattern='/env'], Ant [pattern='/env/**'], Ant [pattern='/env.*'], Ant [pattern='/dump'], Ant [pattern='/dump/**'], Ant [pattern='/dump.*'], Ant [pattern='/mappings'], Ant [pattern='/mappings/**'], Ant [pattern='/mappings.*']]], [org.springframework.security.web.context.request.async.WebAsyncManagerIntegrationFilter@939e879, org.springframework.security.web.context.SecurityContextPersistenceFilter@334679e7, org.springframework.security.web.header.HeaderWriterFilter@7122ee91, org.springframework.security.web.authentication.logout.LogoutFilter@6544f498, org.springframework.security.web.authentication.www.BasicAuthenticationFilter@100b93a6, org.springframework.security.web.savedrequest.RequestCacheAwareFilter@1acfb924, org.springframework.security.web.servletapi.SecurityContextHolderAwareRequestFilter@551e49aa, org.springframework.security.web.authentication.AnonymousAuthenticationFilter@38cd64aa, org.springframework.security.web.session.SessionManagementFilter@26a006f4, org.springframework.security.web.access.ExceptionTranslationFilter@236a08ad, org.springframework.security.web.access.intercept.FilterSecurityInterceptor@3ebaa341]
2015-09-06 14:40:32,619 [localhost-startStop-1] INFO      o.s.s.web.DefaultSecurityFilterChain - Creating filter chain: org.springframework.boot.autoconfigure.security.SpringBootWebSecurityConfiguration$ApplicationNoWebSecurityConfigurerAdapter$1@516d8dad, [org.springframework.security.web.context.request.async.WebAsyncManagerIntegrationFilter@6f70829e, org.springframework.security.web.context.SecurityContextPersistenceFilter@578a1898, org.springframework.security.web.header.HeaderWriterFilter@3074fc1f, org.springframework.security.web.csrf.CsrfFilter@3caab4f, org.springframework.security.web.authentication.logout.LogoutFilter@536228ef, org.springframework.security.web.savedrequest.RequestCacheAwareFilter@2b54d00e, org.springframework.security.web.servletapi.SecurityContextHolderAwareRequestFilter@4d275d5b, org.springframework.security.web.authentication.AnonymousAuthenticationFilter@438f8c3a, org.springframework.security.web.session.SessionManagementFilter@50547013, org.springframework.security.web.access.ExceptionTranslationFilter@2d59b35d]
2015-09-06 14:40:32,854 [localhost-startStop-1] INFO   o.s.b.c.embedded.FilterRegistrationBean - Mapping filter: 'metricFilter' to: [/*]
2015-09-06 14:40:32,855 [localhost-startStop-1] INFO   o.s.b.c.embedded.FilterRegistrationBean - Mapping filter: 'characterEncodingFilter' to: [/*]
2015-09-06 14:40:32,855 [localhost-startStop-1] INFO   o.s.b.c.embedded.FilterRegistrationBean - Mapping filter: 'hiddenHttpMethodFilter' to: [/*]
2015-09-06 14:40:32,855 [localhost-startStop-1] INFO   o.s.b.c.embedded.FilterRegistrationBean - Mapping filter: 'springSecurityFilterChain' to: [/*]
2015-09-06 14:40:32,855 [localhost-startStop-1] INFO   o.s.b.c.embedded.FilterRegistrationBean - Mapping filter: 'webRequestLoggingFilter' to: [/*]
2015-09-06 14:40:32,855 [localhost-startStop-1] INFO   o.s.b.c.embedded.FilterRegistrationBean - Mapping filter: 'loginFilter' to urls: [/message/*]
2015-09-06 14:40:32,855 [localhost-startStop-1] INFO   o.s.b.c.embedded.FilterRegistrationBean - Mapping filter: 'applicationContextIdFilter' to: [/*]
2015-09-06 14:40:32,856 [localhost-startStop-1] INFO  o.s.b.c.embedded.ServletRegistrationBean - Mapping servlet: 'dispatcherServlet' to [/]
2015-09-06 14:40:32,924 [localhost-startStop-1] INFO        org.zhubao.boot.filter.LoginFilter - start to init the login filter
2015-09-06 14:40:32,924 [localhost-startStop-1] INFO        org.zhubao.boot.filter.LoginFilter - start to init the login filter
2015-09-06 14:40:33,165 [main] INFO  o.s.o.j.LocalContainerEntityManagerFactoryBean - Building JPA container EntityManagerFactory for persistence unit 'default'
2015-09-06 14:40:39,165 [main] INFO         o.s.j.e.a.AnnotationMBeanExporter - Registering beans for JMX exposure on startup
2015-09-06 14:40:39,171 [main] INFO       o.s.b.a.e.jmx.EndpointMBeanExporter - Registering beans for JMX exposure on startup
2015-09-06 14:40:39,186 [main] INFO   o.s.c.support.DefaultLifecycleProcessor - Starting beans in phase 0
2015-09-06 14:40:39,190 [main] INFO       o.s.b.a.e.jmx.EndpointMBeanExporter - Located managed bean 'requestMappingEndpoint': registering with JMX server as MBean [org.springframework.boot:type=Endpoint,name=requestMappingEndpoint]
2015-09-06 14:40:39,243 [main] INFO       o.s.b.a.e.jmx.EndpointMBeanExporter - Located managed bean 'environmentEndpoint': registering with JMX server as MBean [org.springframework.boot:type=Endpoint,name=environmentEndpoint]
2015-09-06 14:40:39,251 [main] INFO       o.s.b.a.e.jmx.EndpointMBeanExporter - Located managed bean 'healthEndpoint': registering with JMX server as MBean [org.springframework.boot:type=Endpoint,name=healthEndpoint]
2015-09-06 14:40:39,258 [main] INFO       o.s.b.a.e.jmx.EndpointMBeanExporter - Located managed bean 'beansEndpoint': registering with JMX server as MBean [org.springframework.boot:type=Endpoint,name=beansEndpoint]
2015-09-06 14:40:39,265 [main] INFO       o.s.b.a.e.jmx.EndpointMBeanExporter - Located managed bean 'infoEndpoint': registering with JMX server as MBean [org.springframework.boot:type=Endpoint,name=infoEndpoint]
2015-09-06 14:40:39,272 [main] INFO       o.s.b.a.e.jmx.EndpointMBeanExporter - Located managed bean 'metricsEndpoint': registering with JMX server as MBean [org.springframework.boot:type=Endpoint,name=metricsEndpoint]
2015-09-06 14:40:39,281 [main] INFO       o.s.b.a.e.jmx.EndpointMBeanExporter - Located managed bean 'traceEndpoint': registering with JMX server as MBean [org.springframework.boot:type=Endpoint,name=traceEndpoint]
2015-09-06 14:40:39,290 [main] INFO       o.s.b.a.e.jmx.EndpointMBeanExporter - Located managed bean 'dumpEndpoint': registering with JMX server as MBean [org.springframework.boot:type=Endpoint,name=dumpEndpoint]
2015-09-06 14:40:39,302 [main] INFO       o.s.b.a.e.jmx.EndpointMBeanExporter - Located managed bean 'autoConfigurationAuditEndpoint': registering with JMX server as MBean [org.springframework.boot:type=Endpoint,name=autoConfigurationAuditEndpoint]
2015-09-06 14:40:39,310 [main] INFO       o.s.b.a.e.jmx.EndpointMBeanExporter - Located managed bean 'configurationPropertiesReportEndpoint': registering with JMX server as MBean [org.springframework.boot:type=Endpoint,name=configurationPropertiesReportEndpoint]
2015-09-06 14:40:39,445 [main] INFO  o.apache.coyote.http11.Http11NioProtocol - Initializing ProtocolHandler ["http-nio-8080"]
2015-09-06 14:40:39,454 [main] INFO  o.apache.coyote.http11.Http11NioProtocol - Starting ProtocolHandler ["http-nio-8080"]
2015-09-06 14:40:39,562 [main] INFO  o.apache.tomcat.util.net.NioSelectorPool - Using a shared selector for servlet write/read
2015-09-06 14:40:39,635 [main] INFO  o.s.b.c.e.t.TomcatEmbeddedServletContainer - Tomcat started on port(s): 8080 (http)
2015-09-06 14:40:39,638 [main] INFO               org.zhubao.boot.Application - Started Application in 28.35 seconds (JVM running for 40.352)
2015-09-06 14:40:39,638 [main] INFO               org.zhubao.boot.Application - Started Application in 28.35 seconds (JVM running for 40.352)
2015-09-06 14:51:06,524 [http-nio-8080-exec-1] INFO       o.a.c.c.C.[.[localhost].[/platform] - Initializing Spring FrameworkServlet 'dispatcherServlet'
2015-09-06 14:51:21,982 [http-nio-8080-exec-10] INFO       o.z.b.s.impl.UserMessageServiceImpl - ==== find user messages by filter ====
2015-09-06 14:51:21,982 [http-nio-8080-exec-10] INFO       o.z.b.s.impl.UserMessageServiceImpl - ==== find user messages by filter ====
