2015-07-20 18:43:50,068 [main] INFO               org.zhubao.boot.Application - Starting Application on T03350-202 with PID 3756 (C:\Users\jason.zhu\workspace\boot\target\classes started by jason.zhu in C:\Users\jason.zhu\workspace\boot)
2015-07-20 18:43:50,068 [main] INFO               org.zhubao.boot.Application - Starting Application on T03350-202 with PID 3756 (C:\Users\jason.zhu\workspace\boot\target\classes started by jason.zhu in C:\Users\jason.zhu\workspace\boot)
2015-07-20 18:43:50,458 [main] INFO  o.s.b.c.e.AnnotationConfigEmbeddedWebApplicationContext - Refreshing org.springframework.boot.context.embedded.AnnotationConfigEmbeddedWebApplicationContext@486dc6f3: startup date [Mon Jul 20 18:43:50 CST 2015]; root of context hierarchy
2015-07-20 18:43:51,699 [main] INFO      o.s.b.f.s.DefaultListableBeanFactory - Overriding bean definition for bean 'beanNameViewResolver': replacing [Root bean: class [null]; scope=; abstract=false; lazyInit=false; autowireMode=3; dependencyCheck=0; autowireCandidate=true; primary=false; factoryBeanName=org.springframework.boot.autoconfigure.web.ErrorMvcAutoConfiguration$WhitelabelErrorViewConfiguration; factoryMethodName=beanNameViewResolver; initMethodName=null; destroyMethodName=(inferred); defined in class path resource [org/springframework/boot/autoconfigure/web/ErrorMvcAutoConfiguration$WhitelabelErrorViewConfiguration.class]] with [Root bean: class [null]; scope=; abstract=false; lazyInit=false; autowireMode=3; dependencyCheck=0; autowireCandidate=true; primary=false; factoryBeanName=org.springframework.boot.autoconfigure.web.WebMvcAutoConfiguration$WebMvcAutoConfigurationAdapter; factoryMethodName=beanNameViewResolver; initMethodName=null; destroyMethodName=(inferred); defined in class path resource [org/springframework/boot/autoconfigure/web/WebMvcAutoConfiguration$WebMvcAutoConfigurationAdapter.class]]
2015-07-20 18:43:52,660 [main] INFO       o.h.validator.internal.util.Version - HV000001: Hibernate Validator 5.1.3.Final
2015-07-20 18:43:53,050 [main] INFO  o.s.c.s.PostProcessorRegistrationDelegate$BeanPostProcessorChecker - Bean 'org.springframework.transaction.annotation.ProxyTransactionManagementConfiguration' of type [class org.springframework.transaction.annotation.ProxyTransactionManagementConfiguration$$EnhancerBySpringCGLIB$$8b18fd5f] is not eligible for getting processed by all BeanPostProcessors (for example: not eligible for auto-proxying)
2015-07-20 18:43:53,070 [main] INFO  o.s.c.s.PostProcessorRegistrationDelegate$BeanPostProcessorChecker - Bean 'transactionAttributeSource' of type [class org.springframework.transaction.annotation.AnnotationTransactionAttributeSource] is not eligible for getting processed by all BeanPostProcessors (for example: not eligible for auto-proxying)
2015-07-20 18:43:53,081 [main] INFO  o.s.c.s.PostProcessorRegistrationDelegate$BeanPostProcessorChecker - Bean 'transactionInterceptor' of type [class org.springframework.transaction.interceptor.TransactionInterceptor] is not eligible for getting processed by all BeanPostProcessors (for example: not eligible for auto-proxying)
2015-07-20 18:43:53,081 [main] INFO  o.s.c.s.PostProcessorRegistrationDelegate$BeanPostProcessorChecker - Bean 'org.springframework.transaction.config.internalTransactionAdvisor' of type [class org.springframework.transaction.interceptor.BeanFactoryTransactionAttributeSourceAdvisor] is not eligible for getting processed by all BeanPostProcessors (for example: not eligible for auto-proxying)
2015-07-20 18:43:53,921 [main] INFO  o.s.b.c.e.t.TomcatEmbeddedServletContainer - Tomcat initialized with port(s): 8080 (http)
2015-07-20 18:43:54,211 [main] INFO  org.apache.catalina.core.StandardService - Starting service Tomcat
2015-07-20 18:43:54,211 [main] INFO   org.apache.catalina.core.StandardEngine - Starting Servlet Engine: Apache Tomcat/8.0.23
2015-07-20 18:43:54,392 [localhost-startStop-1] INFO        o.a.c.c.C.[Tomcat].[localhost].[/] - Initializing Spring embedded WebApplicationContext
2015-07-20 18:43:54,392 [localhost-startStop-1] INFO             o.s.web.context.ContextLoader - Root WebApplicationContext: initialization completed in 3934 ms
2015-07-20 18:43:55,682 [localhost-startStop-1] INFO  o.s.b.c.embedded.ServletRegistrationBean - Mapping servlet: 'dispatcherServlet' to [/]
2015-07-20 18:43:55,682 [localhost-startStop-1] INFO   o.s.b.c.embedded.FilterRegistrationBean - Mapping filter: 'metricFilter' to: [/*]
2015-07-20 18:43:55,682 [localhost-startStop-1] INFO   o.s.b.c.embedded.FilterRegistrationBean - Mapping filter: 'characterEncodingFilter' to: [/*]
2015-07-20 18:43:55,682 [localhost-startStop-1] INFO   o.s.b.c.embedded.FilterRegistrationBean - Mapping filter: 'hiddenHttpMethodFilter' to: [/*]
2015-07-20 18:43:55,682 [localhost-startStop-1] INFO   o.s.b.c.embedded.FilterRegistrationBean - Mapping filter: 'webRequestLoggingFilter' to: [/*]
2015-07-20 18:43:55,682 [localhost-startStop-1] INFO   o.s.b.c.embedded.FilterRegistrationBean - Mapping filter: 'applicationContextIdFilter' to: [/*]
2015-07-20 18:43:56,215 [main] INFO  o.s.o.j.LocalContainerEntityManagerFactoryBean - Building JPA container EntityManagerFactory for persistence unit 'default'
2015-07-20 18:43:56,235 [main] INFO   o.hibernate.jpa.internal.util.LogHelper - HHH000204: Processing PersistenceUnitInfo [
	name: default
	...]
2015-07-20 18:43:56,345 [main] INFO                     org.hibernate.Version - HHH000412: Hibernate Core {4.3.10.Final}
2015-07-20 18:43:56,355 [main] INFO             org.hibernate.cfg.Environment - HHH000206: hibernate.properties not found
2015-07-20 18:43:56,355 [main] INFO             org.hibernate.cfg.Environment - HHH000021: Bytecode provider name : javassist
2015-07-20 18:43:56,666 [main] INFO  org.hibernate.annotations.common.Version - HCANN000001: Hibernate Commons Annotations {4.0.5.Final}
2015-07-20 18:43:57,926 [main] INFO             org.hibernate.dialect.Dialect - HHH000400: Using dialect: org.hibernate.dialect.MySQLDialect
2015-07-20 18:43:58,097 [main] INFO     o.h.h.i.ast.ASTQueryTranslatorFactory - HHH000397: Using ASTQueryTranslatorFactory
2015-07-20 18:43:58,477 [main] INFO   org.hibernate.tool.hbm2ddl.SchemaUpdate - HHH000228: Running hbm2ddl schema update
2015-07-20 18:43:58,477 [main] INFO   org.hibernate.tool.hbm2ddl.SchemaUpdate - HHH000102: Fetching database metadata
2015-07-20 18:43:58,477 [main] INFO   org.hibernate.tool.hbm2ddl.SchemaUpdate - HHH000396: Updating schema
2015-07-20 18:43:58,777 [main] INFO  org.hibernate.tool.hbm2ddl.TableMetadata - HHH000261: Table found: platform.article
2015-07-20 18:43:58,777 [main] INFO  org.hibernate.tool.hbm2ddl.TableMetadata - HHH000037: Columns: [content, id, title, date_updated, user_id, date_created]
2015-07-20 18:43:58,777 [main] INFO  org.hibernate.tool.hbm2ddl.TableMetadata - HHH000108: Foreign keys: [fk_tcgc5bv7iarylc19wy17n3r6c]
2015-07-20 18:43:58,777 [main] INFO  org.hibernate.tool.hbm2ddl.TableMetadata - HHH000126: Indexes: [fk_tcgc5bv7iarylc19wy17n3r6c, primary]
2015-07-20 18:43:58,807 [main] INFO  org.hibernate.tool.hbm2ddl.TableMetadata - HHH000261: Table found: platform.user
2015-07-20 18:43:58,807 [main] INFO  org.hibernate.tool.hbm2ddl.TableMetadata - HHH000037: Columns: [username, date_last_login, date_updated, age, date_created, user_id, avatar, password, email_address]
2015-07-20 18:43:58,807 [main] INFO  org.hibernate.tool.hbm2ddl.TableMetadata - HHH000108: Foreign keys: []
2015-07-20 18:43:58,817 [main] INFO  org.hibernate.tool.hbm2ddl.TableMetadata - HHH000126: Indexes: [primary]
2015-07-20 18:43:58,817 [main] INFO   org.hibernate.tool.hbm2ddl.SchemaUpdate - HHH000232: Schema update complete
2015-07-20 18:43:59,197 [main] INFO      o.s.jdbc.datasource.init.ScriptUtils - Executing SQL script from URL [file:/C:/Users/jason.zhu/workspace/boot/target/classes/data.sql]
2015-07-20 18:43:59,318 [main] INFO      o.s.jdbc.datasource.init.ScriptUtils - Executed SQL script from URL [file:/C:/Users/jason.zhu/workspace/boot/target/classes/data.sql] in 121 ms.
2015-07-20 18:43:59,518 [main] INFO  o.s.w.s.m.m.a.RequestMappingHandlerAdapter - Looking for @ControllerAdvice: org.springframework.boot.context.embedded.AnnotationConfigEmbeddedWebApplicationContext@486dc6f3: startup date [Mon Jul 20 18:43:50 CST 2015]; root of context hierarchy
2015-07-20 18:43:59,588 [main] INFO  o.s.w.s.m.m.a.RequestMappingHandlerMapping - Mapped "{[/error]}" onto public org.springframework.http.ResponseEntity<java.util.Map<java.lang.String, java.lang.Object>> org.springframework.boot.autoconfigure.web.BasicErrorController.error(javax.servlet.http.HttpServletRequest)
2015-07-20 18:43:59,588 [main] INFO  o.s.w.s.m.m.a.RequestMappingHandlerMapping - Mapped "{[/error],produces=[text/html]}" onto public org.springframework.web.servlet.ModelAndView org.springframework.boot.autoconfigure.web.BasicErrorController.errorHtml(javax.servlet.http.HttpServletRequest)
2015-07-20 18:43:59,618 [main] INFO   o.s.w.s.handler.SimpleUrlHandlerMapping - Mapped URL path [/**] onto handler of type [class org.springframework.web.servlet.resource.ResourceHttpRequestHandler]
2015-07-20 18:43:59,618 [main] INFO   o.s.w.s.handler.SimpleUrlHandlerMapping - Mapped URL path [/webjars/**] onto handler of type [class org.springframework.web.servlet.resource.ResourceHttpRequestHandler]
2015-07-20 18:43:59,668 [main] INFO   o.s.w.s.handler.SimpleUrlHandlerMapping - Mapped URL path [/**/favicon.ico] onto handler of type [class org.springframework.web.servlet.resource.ResourceHttpRequestHandler]
2015-07-20 18:44:00,198 [main] INFO      o.s.b.a.e.mvc.EndpointHandlerMapping - Mapped "{[/env/{name:.*}],methods=[GET]}" onto public java.lang.Object org.springframework.boot.actuate.endpoint.mvc.EnvironmentMvcEndpoint.value(java.lang.String)
2015-07-20 18:44:00,198 [main] INFO      o.s.b.a.e.mvc.EndpointHandlerMapping - Mapped "{[/env],methods=[GET]}" onto public java.lang.Object org.springframework.boot.actuate.endpoint.mvc.EndpointMvcAdapter.invoke()
2015-07-20 18:44:00,198 [main] INFO      o.s.b.a.e.mvc.EndpointHandlerMapping - Mapped "{[/mappings],methods=[GET]}" onto public java.lang.Object org.springframework.boot.actuate.endpoint.mvc.EndpointMvcAdapter.invoke()
2015-07-20 18:44:00,198 [main] INFO      o.s.b.a.e.mvc.EndpointHandlerMapping - Mapped "{[/configprops],methods=[GET]}" onto public java.lang.Object org.springframework.boot.actuate.endpoint.mvc.EndpointMvcAdapter.invoke()
2015-07-20 18:44:00,198 [main] INFO      o.s.b.a.e.mvc.EndpointHandlerMapping - Mapped "{[/metrics/{name:.*}],methods=[GET]}" onto public java.lang.Object org.springframework.boot.actuate.endpoint.mvc.MetricsMvcEndpoint.value(java.lang.String)
2015-07-20 18:44:00,198 [main] INFO      o.s.b.a.e.mvc.EndpointHandlerMapping - Mapped "{[/metrics],methods=[GET]}" onto public java.lang.Object org.springframework.boot.actuate.endpoint.mvc.EndpointMvcAdapter.invoke()
2015-07-20 18:44:00,198 [main] INFO      o.s.b.a.e.mvc.EndpointHandlerMapping - Mapped "{[/dump],methods=[GET]}" onto public java.lang.Object org.springframework.boot.actuate.endpoint.mvc.EndpointMvcAdapter.invoke()
2015-07-20 18:44:00,198 [main] INFO      o.s.b.a.e.mvc.EndpointHandlerMapping - Mapped "{[/health]}" onto public java.lang.Object org.springframework.boot.actuate.endpoint.mvc.HealthMvcEndpoint.invoke(java.security.Principal)
2015-07-20 18:44:00,198 [main] INFO      o.s.b.a.e.mvc.EndpointHandlerMapping - Mapped "{[/info],methods=[GET]}" onto public java.lang.Object org.springframework.boot.actuate.endpoint.mvc.EndpointMvcAdapter.invoke()
2015-07-20 18:44:00,198 [main] INFO      o.s.b.a.e.mvc.EndpointHandlerMapping - Mapped "{[/trace],methods=[GET]}" onto public java.lang.Object org.springframework.boot.actuate.endpoint.mvc.EndpointMvcAdapter.invoke()
2015-07-20 18:44:00,198 [main] INFO      o.s.b.a.e.mvc.EndpointHandlerMapping - Mapped "{[/beans],methods=[GET]}" onto public java.lang.Object org.springframework.boot.actuate.endpoint.mvc.EndpointMvcAdapter.invoke()
2015-07-20 18:44:00,208 [main] INFO      o.s.b.a.e.mvc.EndpointHandlerMapping - Mapped "{[/autoconfig],methods=[GET]}" onto public java.lang.Object org.springframework.boot.actuate.endpoint.mvc.EndpointMvcAdapter.invoke()
2015-07-20 18:44:00,593 [main] INFO         o.s.j.e.a.AnnotationMBeanExporter - Registering beans for JMX exposure on startup
2015-07-20 18:44:00,603 [main] INFO       o.s.b.a.e.jmx.EndpointMBeanExporter - Registering beans for JMX exposure on startup
2015-07-20 18:44:00,603 [main] INFO   o.s.c.support.DefaultLifecycleProcessor - Starting beans in phase 0
2015-07-20 18:44:00,603 [main] INFO       o.s.b.a.e.jmx.EndpointMBeanExporter - Located managed bean 'requestMappingEndpoint': registering with JMX server as MBean [org.springframework.boot:type=Endpoint,name=requestMappingEndpoint]
2015-07-20 18:44:00,633 [main] INFO       o.s.b.a.e.jmx.EndpointMBeanExporter - Located managed bean 'environmentEndpoint': registering with JMX server as MBean [org.springframework.boot:type=Endpoint,name=environmentEndpoint]
2015-07-20 18:44:00,633 [main] INFO       o.s.b.a.e.jmx.EndpointMBeanExporter - Located managed bean 'healthEndpoint': registering with JMX server as MBean [org.springframework.boot:type=Endpoint,name=healthEndpoint]
2015-07-20 18:44:00,643 [main] INFO       o.s.b.a.e.jmx.EndpointMBeanExporter - Located managed bean 'beansEndpoint': registering with JMX server as MBean [org.springframework.boot:type=Endpoint,name=beansEndpoint]
2015-07-20 18:44:00,643 [main] INFO       o.s.b.a.e.jmx.EndpointMBeanExporter - Located managed bean 'infoEndpoint': registering with JMX server as MBean [org.springframework.boot:type=Endpoint,name=infoEndpoint]
2015-07-20 18:44:00,653 [main] INFO       o.s.b.a.e.jmx.EndpointMBeanExporter - Located managed bean 'metricsEndpoint': registering with JMX server as MBean [org.springframework.boot:type=Endpoint,name=metricsEndpoint]
2015-07-20 18:44:00,653 [main] INFO       o.s.b.a.e.jmx.EndpointMBeanExporter - Located managed bean 'traceEndpoint': registering with JMX server as MBean [org.springframework.boot:type=Endpoint,name=traceEndpoint]
2015-07-20 18:44:00,663 [main] INFO       o.s.b.a.e.jmx.EndpointMBeanExporter - Located managed bean 'dumpEndpoint': registering with JMX server as MBean [org.springframework.boot:type=Endpoint,name=dumpEndpoint]
2015-07-20 18:44:00,683 [main] INFO       o.s.b.a.e.jmx.EndpointMBeanExporter - Located managed bean 'autoConfigurationAuditEndpoint': registering with JMX server as MBean [org.springframework.boot:type=Endpoint,name=autoConfigurationAuditEndpoint]
2015-07-20 18:44:00,683 [main] INFO       o.s.b.a.e.jmx.EndpointMBeanExporter - Located managed bean 'configurationPropertiesReportEndpoint': registering with JMX server as MBean [org.springframework.boot:type=Endpoint,name=configurationPropertiesReportEndpoint]
2015-07-20 18:44:00,763 [main] INFO  o.apache.coyote.http11.Http11NioProtocol - Initializing ProtocolHandler ["http-nio-8080"]
2015-07-20 18:44:00,773 [main] INFO  o.apache.coyote.http11.Http11NioProtocol - Starting ProtocolHandler ["http-nio-8080"]
2015-07-20 18:44:00,853 [main] INFO  o.apache.tomcat.util.net.NioSelectorPool - Using a shared selector for servlet write/read
2015-07-20 18:44:00,923 [main] INFO  o.s.b.c.e.t.TomcatEmbeddedServletContainer - Tomcat started on port(s): 8080 (http)
2015-07-20 18:44:00,923 [main] INFO               org.zhubao.boot.Application - Started Application in 11.445 seconds (JVM running for 12.497)
2015-07-20 18:44:00,923 [main] INFO               org.zhubao.boot.Application - Started Application in 11.445 seconds (JVM running for 12.497)
2015-07-20 18:44:27,129 [http-nio-8080-exec-1] INFO        o.a.c.c.C.[Tomcat].[localhost].[/] - Initializing Spring FrameworkServlet 'dispatcherServlet'
2015-07-20 18:44:27,130 [http-nio-8080-exec-1] INFO         o.s.web.servlet.DispatcherServlet - FrameworkServlet 'dispatcherServlet': initialization started
2015-07-20 18:44:27,150 [http-nio-8080-exec-1] INFO         o.s.web.servlet.DispatcherServlet - FrameworkServlet 'dispatcherServlet': initialization completed in 20 ms
2015-07-20 18:50:36,178 [main] INFO               org.zhubao.boot.Application - Starting Application on T03350-202 with PID 4844 (C:\Users\jason.zhu\workspace\boot\target\classes started by jason.zhu in C:\Users\jason.zhu\workspace\boot)
2015-07-20 18:50:36,178 [main] INFO               org.zhubao.boot.Application - Starting Application on T03350-202 with PID 4844 (C:\Users\jason.zhu\workspace\boot\target\classes started by jason.zhu in C:\Users\jason.zhu\workspace\boot)
2015-07-20 18:50:36,428 [main] INFO  o.s.b.c.e.AnnotationConfigEmbeddedWebApplicationContext - Refreshing org.springframework.boot.context.embedded.AnnotationConfigEmbeddedWebApplicationContext@486dc6f3: startup date [Mon Jul 20 18:50:36 CST 2015]; root of context hierarchy
2015-07-20 18:50:37,359 [main] INFO      o.s.b.f.s.DefaultListableBeanFactory - Overriding bean definition for bean 'beanNameViewResolver': replacing [Root bean: class [null]; scope=; abstract=false; lazyInit=false; autowireMode=3; dependencyCheck=0; autowireCandidate=true; primary=false; factoryBeanName=org.springframework.boot.autoconfigure.web.ErrorMvcAutoConfiguration$WhitelabelErrorViewConfiguration; factoryMethodName=beanNameViewResolver; initMethodName=null; destroyMethodName=(inferred); defined in class path resource [org/springframework/boot/autoconfigure/web/ErrorMvcAutoConfiguration$WhitelabelErrorViewConfiguration.class]] with [Root bean: class [null]; scope=; abstract=false; lazyInit=false; autowireMode=3; dependencyCheck=0; autowireCandidate=true; primary=false; factoryBeanName=org.springframework.boot.autoconfigure.web.WebMvcAutoConfiguration$WebMvcAutoConfigurationAdapter; factoryMethodName=beanNameViewResolver; initMethodName=null; destroyMethodName=(inferred); defined in class path resource [org/springframework/boot/autoconfigure/web/WebMvcAutoConfiguration$WebMvcAutoConfigurationAdapter.class]]
2015-07-20 18:50:38,191 [main] INFO       o.h.validator.internal.util.Version - HV000001: Hibernate Validator 5.1.3.Final
2015-07-20 18:50:38,402 [main] INFO  o.s.c.s.PostProcessorRegistrationDelegate$BeanPostProcessorChecker - Bean 'org.springframework.transaction.annotation.ProxyTransactionManagementConfiguration' of type [class org.springframework.transaction.annotation.ProxyTransactionManagementConfiguration$$EnhancerBySpringCGLIB$$700ec532] is not eligible for getting processed by all BeanPostProcessors (for example: not eligible for auto-proxying)
2015-07-20 18:50:38,422 [main] INFO  o.s.c.s.PostProcessorRegistrationDelegate$BeanPostProcessorChecker - Bean 'transactionAttributeSource' of type [class org.springframework.transaction.annotation.AnnotationTransactionAttributeSource] is not eligible for getting processed by all BeanPostProcessors (for example: not eligible for auto-proxying)
2015-07-20 18:50:38,432 [main] INFO  o.s.c.s.PostProcessorRegistrationDelegate$BeanPostProcessorChecker - Bean 'transactionInterceptor' of type [class org.springframework.transaction.interceptor.TransactionInterceptor] is not eligible for getting processed by all BeanPostProcessors (for example: not eligible for auto-proxying)
2015-07-20 18:50:38,442 [main] INFO  o.s.c.s.PostProcessorRegistrationDelegate$BeanPostProcessorChecker - Bean 'org.springframework.transaction.config.internalTransactionAdvisor' of type [class org.springframework.transaction.interceptor.BeanFactoryTransactionAttributeSourceAdvisor] is not eligible for getting processed by all BeanPostProcessors (for example: not eligible for auto-proxying)
2015-07-20 18:50:38,912 [main] INFO  o.s.b.c.e.t.TomcatEmbeddedServletContainer - Tomcat initialized with port(s): 8080 (http)
2015-07-20 18:50:39,152 [main] INFO  org.apache.catalina.core.StandardService - Starting service Tomcat
2015-07-20 18:50:39,152 [main] INFO   org.apache.catalina.core.StandardEngine - Starting Servlet Engine: Apache Tomcat/8.0.23
2015-07-20 18:50:39,282 [localhost-startStop-1] INFO        o.a.c.c.C.[Tomcat].[localhost].[/] - Initializing Spring embedded WebApplicationContext
2015-07-20 18:50:39,282 [localhost-startStop-1] INFO             o.s.web.context.ContextLoader - Root WebApplicationContext: initialization completed in 2854 ms
2015-07-20 18:50:40,104 [localhost-startStop-1] INFO  o.s.b.c.embedded.ServletRegistrationBean - Mapping servlet: 'dispatcherServlet' to [/]
2015-07-20 18:50:40,108 [localhost-startStop-1] INFO   o.s.b.c.embedded.FilterRegistrationBean - Mapping filter: 'metricFilter' to: [/*]
2015-07-20 18:50:40,108 [localhost-startStop-1] INFO   o.s.b.c.embedded.FilterRegistrationBean - Mapping filter: 'characterEncodingFilter' to: [/*]
2015-07-20 18:50:40,108 [localhost-startStop-1] INFO   o.s.b.c.embedded.FilterRegistrationBean - Mapping filter: 'hiddenHttpMethodFilter' to: [/*]
2015-07-20 18:50:40,108 [localhost-startStop-1] INFO   o.s.b.c.embedded.FilterRegistrationBean - Mapping filter: 'webRequestLoggingFilter' to: [/*]
2015-07-20 18:50:40,108 [localhost-startStop-1] INFO   o.s.b.c.embedded.FilterRegistrationBean - Mapping filter: 'applicationContextIdFilter' to: [/*]
2015-07-20 18:50:40,471 [main] INFO  o.s.o.j.LocalContainerEntityManagerFactoryBean - Building JPA container EntityManagerFactory for persistence unit 'default'
2015-07-20 18:50:40,491 [main] INFO   o.hibernate.jpa.internal.util.LogHelper - HHH000204: Processing PersistenceUnitInfo [
	name: default
	...]
2015-07-20 18:50:40,567 [main] INFO                     org.hibernate.Version - HHH000412: Hibernate Core {4.3.10.Final}
2015-07-20 18:50:40,567 [main] INFO             org.hibernate.cfg.Environment - HHH000206: hibernate.properties not found
2015-07-20 18:50:40,567 [main] INFO             org.hibernate.cfg.Environment - HHH000021: Bytecode provider name : javassist
2015-07-20 18:50:40,757 [main] INFO  org.hibernate.annotations.common.Version - HCANN000001: Hibernate Commons Annotations {4.0.5.Final}
2015-07-20 18:50:41,107 [main] INFO             org.hibernate.dialect.Dialect - HHH000400: Using dialect: org.hibernate.dialect.MySQLDialect
2015-07-20 18:50:41,287 [main] INFO     o.h.h.i.ast.ASTQueryTranslatorFactory - HHH000397: Using ASTQueryTranslatorFactory
2015-07-20 18:50:41,537 [main] INFO   org.hibernate.tool.hbm2ddl.SchemaUpdate - HHH000228: Running hbm2ddl schema update
2015-07-20 18:50:41,547 [main] INFO   org.hibernate.tool.hbm2ddl.SchemaUpdate - HHH000102: Fetching database metadata
2015-07-20 18:50:41,547 [main] INFO   org.hibernate.tool.hbm2ddl.SchemaUpdate - HHH000396: Updating schema
2015-07-20 18:50:41,567 [main] INFO  org.hibernate.tool.hbm2ddl.TableMetadata - HHH000261: Table found: platform.article
2015-07-20 18:50:41,567 [main] INFO  org.hibernate.tool.hbm2ddl.TableMetadata - HHH000037: Columns: [content, id, title, date_updated, user_id, date_created]
2015-07-20 18:50:41,567 [main] INFO  org.hibernate.tool.hbm2ddl.TableMetadata - HHH000108: Foreign keys: [fk_tcgc5bv7iarylc19wy17n3r6c]
2015-07-20 18:50:41,567 [main] INFO  org.hibernate.tool.hbm2ddl.TableMetadata - HHH000126: Indexes: [fk_tcgc5bv7iarylc19wy17n3r6c, primary]
2015-07-20 18:50:41,577 [main] INFO  org.hibernate.tool.hbm2ddl.TableMetadata - HHH000261: Table found: platform.user
2015-07-20 18:50:41,577 [main] INFO  org.hibernate.tool.hbm2ddl.TableMetadata - HHH000037: Columns: [username, date_last_login, date_updated, age, date_created, user_id, avatar, password, email_address]
2015-07-20 18:50:41,577 [main] INFO  org.hibernate.tool.hbm2ddl.TableMetadata - HHH000108: Foreign keys: []
2015-07-20 18:50:41,577 [main] INFO  org.hibernate.tool.hbm2ddl.TableMetadata - HHH000126: Indexes: [primary]
2015-07-20 18:50:41,577 [main] INFO   org.hibernate.tool.hbm2ddl.SchemaUpdate - HHH000232: Schema update complete
2015-07-20 18:50:41,675 [main] INFO      o.s.jdbc.datasource.init.ScriptUtils - Executing SQL script from URL [file:/C:/Users/jason.zhu/workspace/boot/target/classes/data.sql]
2015-07-20 18:50:41,715 [main] INFO      o.s.jdbc.datasource.init.ScriptUtils - Executed SQL script from URL [file:/C:/Users/jason.zhu/workspace/boot/target/classes/data.sql] in 40 ms.
2015-07-20 18:50:41,992 [main] INFO  o.s.w.s.m.m.a.RequestMappingHandlerAdapter - Looking for @ControllerAdvice: org.springframework.boot.context.embedded.AnnotationConfigEmbeddedWebApplicationContext@486dc6f3: startup date [Mon Jul 20 18:50:36 CST 2015]; root of context hierarchy
2015-07-20 18:50:42,052 [main] INFO  o.s.w.s.m.m.a.RequestMappingHandlerMapping - Mapped "{[/users]}" onto public java.lang.Iterable<org.zhubao.boot.model.User> org.zhubao.boot.controller.UserController.getUsers()
2015-07-20 18:50:42,062 [main] INFO  o.s.w.s.m.m.a.RequestMappingHandlerMapping - Mapped "{[/error]}" onto public org.springframework.http.ResponseEntity<java.util.Map<java.lang.String, java.lang.Object>> org.springframework.boot.autoconfigure.web.BasicErrorController.error(javax.servlet.http.HttpServletRequest)
2015-07-20 18:50:42,062 [main] INFO  o.s.w.s.m.m.a.RequestMappingHandlerMapping - Mapped "{[/error],produces=[text/html]}" onto public org.springframework.web.servlet.ModelAndView org.springframework.boot.autoconfigure.web.BasicErrorController.errorHtml(javax.servlet.http.HttpServletRequest)
2015-07-20 18:50:42,092 [main] INFO   o.s.w.s.handler.SimpleUrlHandlerMapping - Mapped URL path [/**] onto handler of type [class org.springframework.web.servlet.resource.ResourceHttpRequestHandler]
2015-07-20 18:50:42,092 [main] INFO   o.s.w.s.handler.SimpleUrlHandlerMapping - Mapped URL path [/webjars/**] onto handler of type [class org.springframework.web.servlet.resource.ResourceHttpRequestHandler]
2015-07-20 18:50:42,142 [main] INFO   o.s.w.s.handler.SimpleUrlHandlerMapping - Mapped URL path [/**/favicon.ico] onto handler of type [class org.springframework.web.servlet.resource.ResourceHttpRequestHandler]
2015-07-20 18:50:42,622 [main] INFO      o.s.b.a.e.mvc.EndpointHandlerMapping - Mapped "{[/info],methods=[GET]}" onto public java.lang.Object org.springframework.boot.actuate.endpoint.mvc.EndpointMvcAdapter.invoke()
2015-07-20 18:50:42,632 [main] INFO      o.s.b.a.e.mvc.EndpointHandlerMapping - Mapped "{[/metrics/{name:.*}],methods=[GET]}" onto public java.lang.Object org.springframework.boot.actuate.endpoint.mvc.MetricsMvcEndpoint.value(java.lang.String)
2015-07-20 18:50:42,632 [main] INFO      o.s.b.a.e.mvc.EndpointHandlerMapping - Mapped "{[/metrics],methods=[GET]}" onto public java.lang.Object org.springframework.boot.actuate.endpoint.mvc.EndpointMvcAdapter.invoke()
2015-07-20 18:50:42,632 [main] INFO      o.s.b.a.e.mvc.EndpointHandlerMapping - Mapped "{[/configprops],methods=[GET]}" onto public java.lang.Object org.springframework.boot.actuate.endpoint.mvc.EndpointMvcAdapter.invoke()
2015-07-20 18:50:42,632 [main] INFO      o.s.b.a.e.mvc.EndpointHandlerMapping - Mapped "{[/env/{name:.*}],methods=[GET]}" onto public java.lang.Object org.springframework.boot.actuate.endpoint.mvc.EnvironmentMvcEndpoint.value(java.lang.String)
2015-07-20 18:50:42,632 [main] INFO      o.s.b.a.e.mvc.EndpointHandlerMapping - Mapped "{[/env],methods=[GET]}" onto public java.lang.Object org.springframework.boot.actuate.endpoint.mvc.EndpointMvcAdapter.invoke()
2015-07-20 18:50:42,632 [main] INFO      o.s.b.a.e.mvc.EndpointHandlerMapping - Mapped "{[/mappings],methods=[GET]}" onto public java.lang.Object org.springframework.boot.actuate.endpoint.mvc.EndpointMvcAdapter.invoke()
2015-07-20 18:50:42,632 [main] INFO      o.s.b.a.e.mvc.EndpointHandlerMapping - Mapped "{[/beans],methods=[GET]}" onto public java.lang.Object org.springframework.boot.actuate.endpoint.mvc.EndpointMvcAdapter.invoke()
2015-07-20 18:50:42,632 [main] INFO      o.s.b.a.e.mvc.EndpointHandlerMapping - Mapped "{[/trace],methods=[GET]}" onto public java.lang.Object org.springframework.boot.actuate.endpoint.mvc.EndpointMvcAdapter.invoke()
2015-07-20 18:50:42,632 [main] INFO      o.s.b.a.e.mvc.EndpointHandlerMapping - Mapped "{[/health]}" onto public java.lang.Object org.springframework.boot.actuate.endpoint.mvc.HealthMvcEndpoint.invoke(java.security.Principal)
2015-07-20 18:50:42,632 [main] INFO      o.s.b.a.e.mvc.EndpointHandlerMapping - Mapped "{[/dump],methods=[GET]}" onto public java.lang.Object org.springframework.boot.actuate.endpoint.mvc.EndpointMvcAdapter.invoke()
2015-07-20 18:50:42,632 [main] INFO      o.s.b.a.e.mvc.EndpointHandlerMapping - Mapped "{[/autoconfig],methods=[GET]}" onto public java.lang.Object org.springframework.boot.actuate.endpoint.mvc.EndpointMvcAdapter.invoke()
2015-07-20 18:50:42,945 [main] INFO         o.s.j.e.a.AnnotationMBeanExporter - Registering beans for JMX exposure on startup
2015-07-20 18:50:42,955 [main] INFO       o.s.b.a.e.jmx.EndpointMBeanExporter - Registering beans for JMX exposure on startup
2015-07-20 18:50:42,955 [main] INFO   o.s.c.support.DefaultLifecycleProcessor - Starting beans in phase 0
2015-07-20 18:50:42,955 [main] INFO       o.s.b.a.e.jmx.EndpointMBeanExporter - Located managed bean 'requestMappingEndpoint': registering with JMX server as MBean [org.springframework.boot:type=Endpoint,name=requestMappingEndpoint]
2015-07-20 18:50:42,985 [main] INFO       o.s.b.a.e.jmx.EndpointMBeanExporter - Located managed bean 'environmentEndpoint': registering with JMX server as MBean [org.springframework.boot:type=Endpoint,name=environmentEndpoint]
2015-07-20 18:50:42,985 [main] INFO       o.s.b.a.e.jmx.EndpointMBeanExporter - Located managed bean 'healthEndpoint': registering with JMX server as MBean [org.springframework.boot:type=Endpoint,name=healthEndpoint]
2015-07-20 18:50:42,995 [main] INFO       o.s.b.a.e.jmx.EndpointMBeanExporter - Located managed bean 'beansEndpoint': registering with JMX server as MBean [org.springframework.boot:type=Endpoint,name=beansEndpoint]
2015-07-20 18:50:42,995 [main] INFO       o.s.b.a.e.jmx.EndpointMBeanExporter - Located managed bean 'infoEndpoint': registering with JMX server as MBean [org.springframework.boot:type=Endpoint,name=infoEndpoint]
2015-07-20 18:50:43,005 [main] INFO       o.s.b.a.e.jmx.EndpointMBeanExporter - Located managed bean 'metricsEndpoint': registering with JMX server as MBean [org.springframework.boot:type=Endpoint,name=metricsEndpoint]
2015-07-20 18:50:43,005 [main] INFO       o.s.b.a.e.jmx.EndpointMBeanExporter - Located managed bean 'traceEndpoint': registering with JMX server as MBean [org.springframework.boot:type=Endpoint,name=traceEndpoint]
2015-07-20 18:50:43,015 [main] INFO       o.s.b.a.e.jmx.EndpointMBeanExporter - Located managed bean 'dumpEndpoint': registering with JMX server as MBean [org.springframework.boot:type=Endpoint,name=dumpEndpoint]
2015-07-20 18:50:43,025 [main] INFO       o.s.b.a.e.jmx.EndpointMBeanExporter - Located managed bean 'autoConfigurationAuditEndpoint': registering with JMX server as MBean [org.springframework.boot:type=Endpoint,name=autoConfigurationAuditEndpoint]
2015-07-20 18:50:43,025 [main] INFO       o.s.b.a.e.jmx.EndpointMBeanExporter - Located managed bean 'configurationPropertiesReportEndpoint': registering with JMX server as MBean [org.springframework.boot:type=Endpoint,name=configurationPropertiesReportEndpoint]
2015-07-20 18:50:43,055 [main] INFO  o.apache.coyote.http11.Http11NioProtocol - Initializing ProtocolHandler ["http-nio-8080"]
2015-07-20 18:50:43,065 [main] INFO  o.apache.coyote.http11.Http11NioProtocol - Starting ProtocolHandler ["http-nio-8080"]
2015-07-20 18:50:43,075 [main] INFO  o.apache.tomcat.util.net.NioSelectorPool - Using a shared selector for servlet write/read
2015-07-20 18:50:43,095 [main] INFO  o.s.b.c.e.t.TomcatEmbeddedServletContainer - Tomcat started on port(s): 8080 (http)
2015-07-20 18:50:43,095 [main] INFO               org.zhubao.boot.Application - Started Application in 7.237 seconds (JVM running for 7.737)
2015-07-20 18:50:43,095 [main] INFO               org.zhubao.boot.Application - Started Application in 7.237 seconds (JVM running for 7.737)
2015-07-20 18:50:46,389 [http-nio-8080-exec-1] INFO        o.a.c.c.C.[Tomcat].[localhost].[/] - Initializing Spring FrameworkServlet 'dispatcherServlet'
2015-07-20 18:50:46,389 [http-nio-8080-exec-1] INFO         o.s.web.servlet.DispatcherServlet - FrameworkServlet 'dispatcherServlet': initialization started
2015-07-20 18:50:46,408 [http-nio-8080-exec-1] INFO         o.s.web.servlet.DispatcherServlet - FrameworkServlet 'dispatcherServlet': initialization completed in 18 ms
